Browse your REST API at http://0.0.0.0:3000/explorer
Web server listening at: http://0.0.0.0:3000/
Warning: Unexpected block "content"  on line 2 of /home/abhibel/issapp/src/app/client/views/index.jade. This block is never used. This warning will be an error in v2.0.0
Warning: Unexpected block "sidebar"  on line 14 of /home/abhibel/issapp/src/app/client/views/index.jade. This block is never used. This warning will be an error in v2.0.0
Warning: Unexpected block "content"  on line 2 of /home/abhibel/issapp/src/app/client/views/index.jade. This block is never used. This warning will be an error in v2.0.0
Warning: Unexpected block "sidebar"  on line 14 of /home/abhibel/issapp/src/app/client/views/index.jade. This block is never used. This warning will be an error in v2.0.0
{ [error: duplicate key value violates unique constraint "subscriber_email_key"]
  name: 'error',
  length: 226,
  severity: 'ERROR',
  code: '23505',
  detail: 'Key (email)=(abhinav.esoteric@gmail.com) already exists.',
  hint: undefined,
  position: undefined,
  internalPosition: undefined,
  internalQuery: undefined,
  where: undefined,
  schema: 'public',
  table: 'subscriber',
  column: undefined,
  dataType: undefined,
  constraint: 'subscriber_email_key',
  file: 'nbtinsert.c',
  line: '402',
  routine: '_bt_check_unique' }
{"status":"User already subscribed."}
{ status: 'User already subscribed.' }
Warning: Unexpected block "content"  on line 2 of /home/abhibel/issapp/src/app/client/views/index.jade. This block is never used. This warning will be an error in v2.0.0
Warning: Unexpected block "sidebar"  on line 14 of /home/abhibel/issapp/src/app/client/views/index.jade. This block is never used. This warning will be an error in v2.0.0
